<?xml version="1.0" encoding="utf-8"?><testsuites name="pytest tests"><testsuite name="pytest" errors="0" failures="0" skipped="0" tests="15" time="7.324" timestamp="2026-04-09T20:25:38.352708+00:00" hostname="agent-env-598e1ce6-c207-47eb-ac58-fbdf01a46b3e"><testcase classname="backend.tests.test_api.TestServicesEndpoint" name="test_get_services_returns_200" time="0.204" /><testcase classname="backend.tests.test_api.TestServicesEndpoint" name="test_get_services_returns_all_six_packages" time="0.118" /><testcase classname="backend.tests.test_api.TestServicesEndpoint" name="test_get_services_correct_service_ids" time="0.143" /><testcase classname="backend.tests.test_api.TestServicesEndpoint" name="test_get_services_correct_prices" time="0.114" /><testcase classname="backend.tests.test_api.TestServicesEndpoint" name="test_get_services_has_required_fields" time="0.120" /><testcase classname="backend.tests.test_api.TestCreateCheckoutSession" name="test_create_checkout_valid_service_returns_url" time="0.667" /><testcase classname="backend.tests.test_api.TestCreateCheckoutSession" name="test_create_checkout_invalid_service_returns_400" time="0.142" /><testcase classname="backend.tests.test_api.TestCreateCheckoutSession" name="test_create_checkout_missing_required_fields_returns_422" time="0.111" /><testcase classname="backend.tests.test_api.TestCreateCheckoutSession" name="test_create_checkout_invalid_email_returns_422" time="0.145" /><testcase classname="backend.tests.test_api.TestCreateCheckoutSession" name="test_create_checkout_all_services" time="4.144" /><testcase classname="backend.tests.test_api.TestCheckoutStatus" name="test_checkout_status_valid_session" time="0.847" /><testcase classname="backend.tests.test_api.TestWebhook" name="test_webhook_without_signature_returns_400" time="0.115" /><testcase classname="backend.tests.test_api.TestContactEndpoint" name="test_create_contact_submission" time="0.150" /><testcase classname="backend.tests.test_api.TestContactEndpoint" name="test_get_contact_submissions" time="0.119" /><testcase classname="backend.tests.test_api.TestBookingsEndpoint" name="test_get_bookings" time="0.109" /></testsuite></testsuites>